<?xml version="1.0" encoding="UTF-8"?>
<!-- Generated by org.testng.reporters.JUnitReportReporter -->
<testsuite skipped="0" hostname="Lenovo-PC" name="com.myvidessa.tst.MyvidessaAddProviderTest" tests="3" failures="0" timestamp="21 Nov 2016 06:23:42 GMT" time="12.192" errors="0">
  <testcase name="addProviderWithNoDataFilled" time="8.062" classname="com.myvidessa.tst.MyvidessaAddProviderTest"/>
  <testcase name="addProviderWithValidData" time="2.066" classname="com.myvidessa.tst.MyvidessaAddProviderTest"/>
  <testcase name="addProviderWithSomeInvalidData" time="2.064" classname="com.myvidessa.tst.MyvidessaAddProviderTest"/>
</testsuite> <!-- com.myvidessa.tst.MyvidessaAddProviderTest -->
